{
  "stats": {
    "suites": 3,
    "tests": 4,
    "passes": 4,
    "pending": 0,
    "failures": 0,
    "start": "2022-07-26T13:28:03.259Z",
    "end": "2022-07-26T13:29:31.532Z",
    "duration": 88273,
    "testsRegistered": 4,
    "passPercent": 100,
    "pendingPercent": 0,
    "other": 0,
    "hasOther": false,
    "skipped": 0,
    "hasSkipped": false
  },
  "results": [
    {
      "uuid": "21a9acaf-e4c1-48d1-82db-29c6c8044a9b",
      "title": "",
      "fullFile": "",
      "file": "",
      "beforeHooks": [],
      "afterHooks": [],
      "tests": [],
      "suites": [
        {
          "uuid": "788136a8-509c-435b-8439-f21991c87edd",
          "title": "Login",
          "fullFile": "",
          "file": "",
          "beforeHooks": [
            {
              "title": "\"before all\" hook: codeceptjs.beforeSuite",
              "fullTitle": "Login \"before all\" hook: codeceptjs.beforeSuite",
              "timedOut": false,
              "duration": 0,
              "state": null,
              "speed": null,
              "pass": false,
              "fail": false,
              "pending": false,
              "context": null,
              "code": "scenario.suiteSetup(suite)",
              "err": {},
              "uuid": "42ece9bf-28ce-40c1-8dd1-890376b6551a",
              "parentUUID": "788136a8-509c-435b-8439-f21991c87edd",
              "isHook": true,
              "skipped": false
            },
            {
              "title": "\"before each\" hook: codeceptjs.before",
              "fullTitle": "Login \"before each\" hook: codeceptjs.before",
              "timedOut": false,
              "duration": 13852,
              "state": null,
              "speed": null,
              "pass": false,
              "fail": false,
              "pending": false,
              "context": null,
              "code": "scenario.setup(suite)",
              "err": {},
              "uuid": "e8248d52-8edb-41d5-9cc1-c86d99b51546",
              "parentUUID": "788136a8-509c-435b-8439-f21991c87edd",
              "isHook": true,
              "skipped": false
            }
          ],
          "afterHooks": [
            {
              "title": "\"after all\" hook: codeceptjs.afterSuite",
              "fullTitle": "Login \"after all\" hook: codeceptjs.afterSuite",
              "timedOut": false,
              "duration": 0,
              "state": null,
              "speed": null,
              "pass": false,
              "fail": false,
              "pending": false,
              "context": null,
              "code": "scenario.suiteTeardown(suite)",
              "err": {},
              "uuid": "b8f9e0ba-eb05-478d-87d4-888d484a02b5",
              "parentUUID": "788136a8-509c-435b-8439-f21991c87edd",
              "isHook": true,
              "skipped": false
            },
            {
              "title": "\"after each\" hook: codeceptjs.after",
              "fullTitle": "Login \"after each\" hook: codeceptjs.after",
              "timedOut": false,
              "duration": 692,
              "state": null,
              "speed": null,
              "pass": false,
              "fail": false,
              "pending": false,
              "context": null,
              "code": "scenario.teardown(suite)",
              "err": {},
              "uuid": "f92452b8-44ff-4530-9a86-99180833c61b",
              "parentUUID": "788136a8-509c-435b-8439-f21991c87edd",
              "isHook": true,
              "skipped": false
            }
          ],
          "tests": [
            {
              "title": "Login with success",
              "fullTitle": "Login Login with success",
              "timedOut": false,
              "duration": 5121,
              "state": "passed",
              "speed": "slow",
              "pass": true,
              "fail": false,
              "pending": false,
              "context": null,
              "code": "runSteps(child.steps)",
              "err": {},
              "uuid": "d8c94722-cddf-42b2-b2ff-b8d0ad74a8f3",
              "parentUUID": "788136a8-509c-435b-8439-f21991c87edd",
              "isHook": false,
              "skipped": false
            }
          ],
          "suites": [],
          "passes": [
            "d8c94722-cddf-42b2-b2ff-b8d0ad74a8f3"
          ],
          "failures": [],
          "pending": [],
          "skipped": [],
          "duration": 5121,
          "root": false,
          "rootEmpty": false,
          "_timeout": 0
        },
        {
          "uuid": "2b793c0d-0fe4-42b5-b10f-6cc76c8ff124",
          "title": "login",
          "fullFile": "C:\\Users\\thayr\\Documents\\Projetos\\qazando-automation\\steps\\login_test.js",
          "file": "\\steps\\login_test.js",
          "beforeHooks": [
            {
              "title": "\"before all\" hook: codeceptjs.beforeSuite",
              "fullTitle": "login \"before all\" hook: codeceptjs.beforeSuite",
              "timedOut": false,
              "duration": 0,
              "state": null,
              "speed": null,
              "pass": false,
              "fail": false,
              "pending": false,
              "context": null,
              "code": "scenario.suiteSetup(suite)",
              "err": {},
              "uuid": "4b950ab3-c2bb-434b-8e3d-77c1c574c848",
              "parentUUID": "2b793c0d-0fe4-42b5-b10f-6cc76c8ff124",
              "isHook": true,
              "skipped": false
            },
            {
              "title": "\"before all\" hook: BeforeSuite",
              "fullTitle": "login \"before all\" hook: BeforeSuite",
              "timedOut": false,
              "duration": 1,
              "state": null,
              "speed": null,
              "pass": false,
              "fail": false,
              "pending": false,
              "context": null,
              "code": "console.log('Before all tests')",
              "err": {},
              "uuid": "a3cd78d4-56e1-49be-bd5e-fb683eb5e288",
              "parentUUID": "2b793c0d-0fe4-42b5-b10f-6cc76c8ff124",
              "isHook": true,
              "skipped": false
            },
            {
              "title": "\"before each\" hook: codeceptjs.before",
              "fullTitle": "login \"before each\" hook: codeceptjs.before",
              "timedOut": false,
              "duration": 14380,
              "state": null,
              "speed": null,
              "pass": false,
              "fail": false,
              "pending": false,
              "context": null,
              "code": "scenario.setup(suite)",
              "err": {},
              "uuid": "8bb8f49f-00f2-486d-88a4-3668eae44d22",
              "parentUUID": "2b793c0d-0fe4-42b5-b10f-6cc76c8ff124",
              "isHook": true,
              "skipped": false
            },
            {
              "title": "\"before each\" hook: Before",
              "fullTitle": "login \"before each\" hook: Before",
              "timedOut": false,
              "duration": 0,
              "state": null,
              "speed": null,
              "pass": false,
              "fail": false,
              "pending": false,
              "context": null,
              "code": "console.log('Before each test')",
              "err": {},
              "uuid": "ba50bde6-55f7-41b3-bbce-4ad29230e820",
              "parentUUID": "2b793c0d-0fe4-42b5-b10f-6cc76c8ff124",
              "isHook": true,
              "skipped": false
            }
          ],
          "afterHooks": [
            {
              "title": "\"after all\" hook: AfterSuite",
              "fullTitle": "login \"after all\" hook: AfterSuite",
              "timedOut": false,
              "duration": 1,
              "state": null,
              "speed": null,
              "pass": false,
              "fail": false,
              "pending": false,
              "context": null,
              "code": "console.log('After all tests')",
              "err": {},
              "uuid": "9b1edbe5-d287-4a6d-b44b-3c2b79577c14",
              "parentUUID": "2b793c0d-0fe4-42b5-b10f-6cc76c8ff124",
              "isHook": true,
              "skipped": false
            },
            {
              "title": "\"after all\" hook: codeceptjs.afterSuite",
              "fullTitle": "login \"after all\" hook: codeceptjs.afterSuite",
              "timedOut": false,
              "duration": 0,
              "state": null,
              "speed": null,
              "pass": false,
              "fail": false,
              "pending": false,
              "context": null,
              "code": "scenario.suiteTeardown(suite)",
              "err": {},
              "uuid": "3d46c02e-fe19-4efe-a639-a385afbe67aa",
              "parentUUID": "2b793c0d-0fe4-42b5-b10f-6cc76c8ff124",
              "isHook": true,
              "skipped": false
            },
            {
              "title": "\"after each\" hook: After",
              "fullTitle": "login \"after each\" hook: After",
              "timedOut": false,
              "duration": 0,
              "state": null,
              "speed": null,
              "pass": false,
              "fail": false,
              "pending": false,
              "context": null,
              "code": "console.log('After each test')",
              "err": {},
              "uuid": "f3eb7c83-2263-407c-aa73-97d6e7ef6f25",
              "parentUUID": "2b793c0d-0fe4-42b5-b10f-6cc76c8ff124",
              "isHook": true,
              "skipped": false
            },
            {
              "title": "\"after each\" hook: finalize codeceptjs",
              "fullTitle": "login \"after each\" hook: finalize codeceptjs",
              "timedOut": false,
              "duration": 939,
              "state": null,
              "speed": null,
              "pass": false,
              "fail": false,
              "pending": false,
              "context": null,
              "code": "scenario.teardown(suite)",
              "err": {},
              "uuid": "e709dce5-d60a-4bc4-9b1c-00552ec4627f",
              "parentUUID": "2b793c0d-0fe4-42b5-b10f-6cc76c8ff124",
              "isHook": true,
              "skipped": false
            }
          ],
          "tests": [
            {
              "title": "login with success",
              "fullTitle": "login: login with success",
              "timedOut": false,
              "duration": 5930,
              "state": "passed",
              "speed": "slow",
              "pass": true,
              "fail": false,
              "pending": false,
              "context": null,
              "code": "login_page.doLogin('teste@teste.com', '123456')\nhome_page.checkLoginSuccess()",
              "err": {},
              "uuid": "7d740676-164a-46ee-8887-91321902a66a",
              "parentUUID": "2b793c0d-0fe4-42b5-b10f-6cc76c8ff124",
              "isHook": false,
              "skipped": false
            },
            {
              "title": "login with error",
              "fullTitle": "login: login with error",
              "timedOut": false,
              "duration": 5637,
              "state": "passed",
              "speed": "slow",
              "pass": true,
              "fail": false,
              "pending": false,
              "context": null,
              "code": "login_page.doLogin('wrong_email@email.com', '123456')\nlogin_page.checkLoginError()",
              "err": {},
              "uuid": "ed21bdd2-28d2-49cc-baea-229f86196d76",
              "parentUUID": "2b793c0d-0fe4-42b5-b10f-6cc76c8ff124",
              "isHook": false,
              "skipped": false
            }
          ],
          "suites": [],
          "passes": [
            "7d740676-164a-46ee-8887-91321902a66a",
            "ed21bdd2-28d2-49cc-baea-229f86196d76"
          ],
          "failures": [],
          "pending": [],
          "skipped": [],
          "duration": 11567,
          "root": false,
          "rootEmpty": false,
          "_timeout": 0
        },
        {
          "uuid": "4c3537d2-f987-444b-941c-61f62daa8387",
          "title": "Students",
          "fullFile": "C:\\Users\\thayr\\Documents\\Projetos\\qazando-automation\\steps\\student_test.js",
          "file": "\\steps\\student_test.js",
          "beforeHooks": [
            {
              "title": "\"before all\" hook: codeceptjs.beforeSuite",
              "fullTitle": "Students \"before all\" hook: codeceptjs.beforeSuite",
              "timedOut": false,
              "duration": 0,
              "state": null,
              "speed": null,
              "pass": false,
              "fail": false,
              "pending": false,
              "context": null,
              "code": "scenario.suiteSetup(suite)",
              "err": {},
              "uuid": "2066ec3b-58f1-42df-8a66-283c7f194660",
              "parentUUID": "4c3537d2-f987-444b-941c-61f62daa8387",
              "isHook": true,
              "skipped": false
            },
            {
              "title": "\"before each\" hook: codeceptjs.before",
              "fullTitle": "Students \"before each\" hook: codeceptjs.before",
              "timedOut": false,
              "duration": 14357,
              "state": null,
              "speed": null,
              "pass": false,
              "fail": false,
              "pending": false,
              "context": null,
              "code": "scenario.setup(suite)",
              "err": {},
              "uuid": "8e285945-707e-4a59-8fcb-0531d8164311",
              "parentUUID": "4c3537d2-f987-444b-941c-61f62daa8387",
              "isHook": true,
              "skipped": false
            }
          ],
          "afterHooks": [
            {
              "title": "\"after all\" hook: codeceptjs.afterSuite",
              "fullTitle": "Students \"after all\" hook: codeceptjs.afterSuite",
              "timedOut": false,
              "duration": 0,
              "state": null,
              "speed": null,
              "pass": false,
              "fail": false,
              "pending": false,
              "context": null,
              "code": "scenario.suiteTeardown(suite)",
              "err": {},
              "uuid": "2442e9da-ab1a-4467-a7af-e14e72c58650",
              "parentUUID": "4c3537d2-f987-444b-941c-61f62daa8387",
              "isHook": true,
              "skipped": false
            },
            {
              "title": "\"after each\" hook: finalize codeceptjs",
              "fullTitle": "Students \"after each\" hook: finalize codeceptjs",
              "timedOut": false,
              "duration": 903,
              "state": null,
              "speed": null,
              "pass": false,
              "fail": false,
              "pending": false,
              "context": null,
              "code": "scenario.teardown(suite)",
              "err": {},
              "uuid": "a7e6dbc5-45f0-4484-b32e-fc12c3ff52d8",
              "parentUUID": "4c3537d2-f987-444b-941c-61f62daa8387",
              "isHook": true,
              "skipped": false
            }
          ],
          "tests": [
            {
              "title": "Add student with success",
              "fullTitle": "Students: Add student with success",
              "timedOut": false,
              "duration": 10790,
              "state": "passed",
              "speed": "slow",
              "pass": true,
              "fail": false,
              "pending": false,
              "context": null,
              "code": "const getCode = code.getCode()\nconst getName = name.getName()\nlogin_page.doLogin('teste@teste.com', '123456')\nhome_page.registerStudent(getCode, getName)\nhome_page.searchStudent(getName, getCode)",
              "err": {},
              "uuid": "d9e9cdc1-571c-42ea-9b49-0160854dfe95",
              "parentUUID": "4c3537d2-f987-444b-941c-61f62daa8387",
              "isHook": false,
              "skipped": false
            }
          ],
          "suites": [],
          "passes": [
            "d9e9cdc1-571c-42ea-9b49-0160854dfe95"
          ],
          "failures": [],
          "pending": [],
          "skipped": [],
          "duration": 10790,
          "root": false,
          "rootEmpty": false,
          "_timeout": 0
        }
      ],
      "passes": [],
      "failures": [],
      "pending": [],
      "skipped": [],
      "duration": 0,
      "root": true,
      "rootEmpty": true,
      "_timeout": 0
    }
  ],
  "meta": {
    "mocha": {
      "version": "8.0.1"
    },
    "mochawesome": {
      "options": {
        "quiet": false,
        "reportFilename": "mochawesome",
        "saveHtml": true,
        "saveJson": true,
        "consoleReporter": "spec",
        "useInlineDiffs": false,
        "code": true
      },
      "version": "6.1.1"
    },
    "marge": {
      "options": {},
      "version": "5.2.0"
    }
  }
}