{
  "stats": {
    "suites": 3,
    "tests": 4,
    "passes": 4,
    "pending": 0,
    "failures": 0,
    "start": "2022-07-22T19:53:26.966Z",
    "end": "2022-07-22T19:55:03.456Z",
    "duration": 96490,
    "testsRegistered": 4,
    "passPercent": 100,
    "pendingPercent": 0,
    "other": 0,
    "hasOther": false,
    "skipped": 0,
    "hasSkipped": false
  },
  "results": [
    {
      "uuid": "0107b3dc-dd7e-4f39-a4b6-85b14ab9712f",
      "title": "",
      "fullFile": "",
      "file": "",
      "beforeHooks": [],
      "afterHooks": [],
      "tests": [],
      "suites": [
        {
          "uuid": "526ae95c-dc3d-4b61-a451-6d313b5824f3",
          "title": "Login",
          "fullFile": "",
          "file": "",
          "beforeHooks": [
            {
              "title": "\"before all\" hook: codeceptjs.beforeSuite",
              "fullTitle": "Login \"before all\" hook: codeceptjs.beforeSuite",
              "timedOut": false,
              "duration": 1,
              "state": null,
              "speed": null,
              "pass": false,
              "fail": false,
              "pending": false,
              "context": null,
              "code": "scenario.suiteSetup(suite)",
              "err": {},
              "uuid": "04c02095-90c8-4120-9fd4-334b1bee8dc8",
              "parentUUID": "526ae95c-dc3d-4b61-a451-6d313b5824f3",
              "isHook": true,
              "skipped": false
            },
            {
              "title": "\"before each\" hook: codeceptjs.before",
              "fullTitle": "Login \"before each\" hook: codeceptjs.before",
              "timedOut": false,
              "duration": 17101,
              "state": null,
              "speed": null,
              "pass": false,
              "fail": false,
              "pending": false,
              "context": null,
              "code": "scenario.setup(suite)",
              "err": {},
              "uuid": "2300fa13-f3c9-40a7-a32f-7df9454b8e7e",
              "parentUUID": "526ae95c-dc3d-4b61-a451-6d313b5824f3",
              "isHook": true,
              "skipped": false
            }
          ],
          "afterHooks": [
            {
              "title": "\"after all\" hook: codeceptjs.afterSuite",
              "fullTitle": "Login \"after all\" hook: codeceptjs.afterSuite",
              "timedOut": false,
              "duration": 0,
              "state": null,
              "speed": null,
              "pass": false,
              "fail": false,
              "pending": false,
              "context": null,
              "code": "scenario.suiteTeardown(suite)",
              "err": {},
              "uuid": "f3b321af-88a5-4018-a3fa-11eecc88533c",
              "parentUUID": "526ae95c-dc3d-4b61-a451-6d313b5824f3",
              "isHook": true,
              "skipped": false
            },
            {
              "title": "\"after each\" hook: codeceptjs.after",
              "fullTitle": "Login \"after each\" hook: codeceptjs.after",
              "timedOut": false,
              "duration": 1016,
              "state": null,
              "speed": null,
              "pass": false,
              "fail": false,
              "pending": false,
              "context": null,
              "code": "scenario.teardown(suite)",
              "err": {},
              "uuid": "051e2ea2-1713-4cd7-9611-389c00e46890",
              "parentUUID": "526ae95c-dc3d-4b61-a451-6d313b5824f3",
              "isHook": true,
              "skipped": false
            }
          ],
          "tests": [
            {
              "title": "Login with success",
              "fullTitle": "Login Login with success",
              "timedOut": false,
              "duration": 5215,
              "state": "passed",
              "speed": "slow",
              "pass": true,
              "fail": false,
              "pending": false,
              "context": null,
              "code": "runSteps(child.steps)",
              "err": {},
              "uuid": "f922c808-b530-4fc2-9881-4337432f2ca5",
              "parentUUID": "526ae95c-dc3d-4b61-a451-6d313b5824f3",
              "isHook": false,
              "skipped": false
            }
          ],
          "suites": [],
          "passes": [
            "f922c808-b530-4fc2-9881-4337432f2ca5"
          ],
          "failures": [],
          "pending": [],
          "skipped": [],
          "duration": 5215,
          "root": false,
          "rootEmpty": false,
          "_timeout": 0
        },
        {
          "uuid": "7063dbb4-1d04-409c-9c19-71526af22af9",
          "title": "login",
          "fullFile": "C:\\Users\\thayr\\Documents\\Projetos\\qazando-automation\\steps\\login_test.js",
          "file": "\\steps\\login_test.js",
          "beforeHooks": [
            {
              "title": "\"before all\" hook: codeceptjs.beforeSuite",
              "fullTitle": "login \"before all\" hook: codeceptjs.beforeSuite",
              "timedOut": false,
              "duration": 0,
              "state": null,
              "speed": null,
              "pass": false,
              "fail": false,
              "pending": false,
              "context": null,
              "code": "scenario.suiteSetup(suite)",
              "err": {},
              "uuid": "a2d299f5-7ccf-4477-9aad-88ad45469051",
              "parentUUID": "7063dbb4-1d04-409c-9c19-71526af22af9",
              "isHook": true,
              "skipped": false
            },
            {
              "title": "\"before all\" hook: BeforeSuite",
              "fullTitle": "login \"before all\" hook: BeforeSuite",
              "timedOut": false,
              "duration": 1,
              "state": null,
              "speed": null,
              "pass": false,
              "fail": false,
              "pending": false,
              "context": null,
              "code": "console.log('Before all tests')",
              "err": {},
              "uuid": "62f12ceb-a663-471c-a0fd-395526e22f64",
              "parentUUID": "7063dbb4-1d04-409c-9c19-71526af22af9",
              "isHook": true,
              "skipped": false
            },
            {
              "title": "\"before each\" hook: codeceptjs.before",
              "fullTitle": "login \"before each\" hook: codeceptjs.before",
              "timedOut": false,
              "duration": 15595,
              "state": null,
              "speed": null,
              "pass": false,
              "fail": false,
              "pending": false,
              "context": null,
              "code": "scenario.setup(suite)",
              "err": {},
              "uuid": "09076225-973c-49c9-ba2c-dc0787b10e63",
              "parentUUID": "7063dbb4-1d04-409c-9c19-71526af22af9",
              "isHook": true,
              "skipped": false
            },
            {
              "title": "\"before each\" hook: Before",
              "fullTitle": "login \"before each\" hook: Before",
              "timedOut": false,
              "duration": 1,
              "state": null,
              "speed": null,
              "pass": false,
              "fail": false,
              "pending": false,
              "context": null,
              "code": "console.log('Before each test')",
              "err": {},
              "uuid": "c7b6eba2-f8df-4894-88b8-c2f98d8e40ba",
              "parentUUID": "7063dbb4-1d04-409c-9c19-71526af22af9",
              "isHook": true,
              "skipped": false
            }
          ],
          "afterHooks": [
            {
              "title": "\"after all\" hook: AfterSuite",
              "fullTitle": "login \"after all\" hook: AfterSuite",
              "timedOut": false,
              "duration": 1,
              "state": null,
              "speed": null,
              "pass": false,
              "fail": false,
              "pending": false,
              "context": null,
              "code": "console.log('After all tests')",
              "err": {},
              "uuid": "1c20fe43-7a0d-4e61-9bf0-a0a8dadac41e",
              "parentUUID": "7063dbb4-1d04-409c-9c19-71526af22af9",
              "isHook": true,
              "skipped": false
            },
            {
              "title": "\"after all\" hook: codeceptjs.afterSuite",
              "fullTitle": "login \"after all\" hook: codeceptjs.afterSuite",
              "timedOut": false,
              "duration": 0,
              "state": null,
              "speed": null,
              "pass": false,
              "fail": false,
              "pending": false,
              "context": null,
              "code": "scenario.suiteTeardown(suite)",
              "err": {},
              "uuid": "e4f8b3d1-ecb7-40f1-9091-414f0f5f3521",
              "parentUUID": "7063dbb4-1d04-409c-9c19-71526af22af9",
              "isHook": true,
              "skipped": false
            },
            {
              "title": "\"after each\" hook: After",
              "fullTitle": "login \"after each\" hook: After",
              "timedOut": false,
              "duration": 1,
              "state": null,
              "speed": null,
              "pass": false,
              "fail": false,
              "pending": false,
              "context": null,
              "code": "console.log('After each test')",
              "err": {},
              "uuid": "2d0bbc82-7047-4b2e-9b37-dff670516680",
              "parentUUID": "7063dbb4-1d04-409c-9c19-71526af22af9",
              "isHook": true,
              "skipped": false
            },
            {
              "title": "\"after each\" hook: finalize codeceptjs",
              "fullTitle": "login \"after each\" hook: finalize codeceptjs",
              "timedOut": false,
              "duration": 1116,
              "state": null,
              "speed": null,
              "pass": false,
              "fail": false,
              "pending": false,
              "context": null,
              "code": "scenario.teardown(suite)",
              "err": {},
              "uuid": "ee916e22-578c-4bed-9f6b-9cf4cbde22b6",
              "parentUUID": "7063dbb4-1d04-409c-9c19-71526af22af9",
              "isHook": true,
              "skipped": false
            }
          ],
          "tests": [
            {
              "title": "login with success",
              "fullTitle": "login: login with success",
              "timedOut": false,
              "duration": 5717,
              "state": "passed",
              "speed": "slow",
              "pass": true,
              "fail": false,
              "pending": false,
              "context": null,
              "code": "login_page.doLogin('teste@teste.com', '123456')\nhome_page.checkLoginSuccess()",
              "err": {},
              "uuid": "c12645e7-ab66-4b64-b228-47b6a47813c4",
              "parentUUID": "7063dbb4-1d04-409c-9c19-71526af22af9",
              "isHook": false,
              "skipped": false
            },
            {
              "title": "login with error",
              "fullTitle": "login: login with error",
              "timedOut": false,
              "duration": 4078,
              "state": "passed",
              "speed": "slow",
              "pass": true,
              "fail": false,
              "pending": false,
              "context": null,
              "code": "login_page.doLogin('wrong_email@email.com', '123456')\nlogin_page.checkLoginError()",
              "err": {},
              "uuid": "0cfe0929-6c00-4220-b99d-bd732c0557ec",
              "parentUUID": "7063dbb4-1d04-409c-9c19-71526af22af9",
              "isHook": false,
              "skipped": false
            }
          ],
          "suites": [],
          "passes": [
            "c12645e7-ab66-4b64-b228-47b6a47813c4",
            "0cfe0929-6c00-4220-b99d-bd732c0557ec"
          ],
          "failures": [],
          "pending": [],
          "skipped": [],
          "duration": 9795,
          "root": false,
          "rootEmpty": false,
          "_timeout": 0
        },
        {
          "uuid": "794a70f2-a77d-4cef-9059-b4ce84d19205",
          "title": "Students",
          "fullFile": "C:\\Users\\thayr\\Documents\\Projetos\\qazando-automation\\steps\\student_test.js",
          "file": "\\steps\\student_test.js",
          "beforeHooks": [
            {
              "title": "\"before all\" hook: codeceptjs.beforeSuite",
              "fullTitle": "Students \"before all\" hook: codeceptjs.beforeSuite",
              "timedOut": false,
              "duration": 0,
              "state": null,
              "speed": null,
              "pass": false,
              "fail": false,
              "pending": false,
              "context": null,
              "code": "scenario.suiteSetup(suite)",
              "err": {},
              "uuid": "de0601e9-8f85-4432-856f-37499c4a5b34",
              "parentUUID": "794a70f2-a77d-4cef-9059-b4ce84d19205",
              "isHook": true,
              "skipped": false
            },
            {
              "title": "\"before each\" hook: codeceptjs.before",
              "fullTitle": "Students \"before each\" hook: codeceptjs.before",
              "timedOut": false,
              "duration": 17437,
              "state": null,
              "speed": null,
              "pass": false,
              "fail": false,
              "pending": false,
              "context": null,
              "code": "scenario.setup(suite)",
              "err": {},
              "uuid": "adb3ebec-a9b0-4237-aef2-4fe9ff245604",
              "parentUUID": "794a70f2-a77d-4cef-9059-b4ce84d19205",
              "isHook": true,
              "skipped": false
            }
          ],
          "afterHooks": [
            {
              "title": "\"after all\" hook: codeceptjs.afterSuite",
              "fullTitle": "Students \"after all\" hook: codeceptjs.afterSuite",
              "timedOut": false,
              "duration": 0,
              "state": null,
              "speed": null,
              "pass": false,
              "fail": false,
              "pending": false,
              "context": null,
              "code": "scenario.suiteTeardown(suite)",
              "err": {},
              "uuid": "1d9e8d77-ffd2-411f-aaa1-074ece87489d",
              "parentUUID": "794a70f2-a77d-4cef-9059-b4ce84d19205",
              "isHook": true,
              "skipped": false
            },
            {
              "title": "\"after each\" hook: finalize codeceptjs",
              "fullTitle": "Students \"after each\" hook: finalize codeceptjs",
              "timedOut": false,
              "duration": 1037,
              "state": null,
              "speed": null,
              "pass": false,
              "fail": false,
              "pending": false,
              "context": null,
              "code": "scenario.teardown(suite)",
              "err": {},
              "uuid": "947b3314-dfa2-4b33-8751-1dd75ca15eed",
              "parentUUID": "794a70f2-a77d-4cef-9059-b4ce84d19205",
              "isHook": true,
              "skipped": false
            }
          ],
          "tests": [
            {
              "title": "Add student with success",
              "fullTitle": "Students: Add student with success",
              "timedOut": false,
              "duration": 10866,
              "state": "passed",
              "speed": "slow",
              "pass": true,
              "fail": false,
              "pending": false,
              "context": null,
              "code": "const code = '9090'\nconst name = 'Thairam Michel'\nlogin_page.doLogin('teste@teste.com', '123456')\nhome_page.registerStudent(code, name)\nhome_page.searchStudent(name, code)",
              "err": {},
              "uuid": "f98ae30d-44d9-4202-a6fd-9387d88f7d65",
              "parentUUID": "794a70f2-a77d-4cef-9059-b4ce84d19205",
              "isHook": false,
              "skipped": false
            }
          ],
          "suites": [],
          "passes": [
            "f98ae30d-44d9-4202-a6fd-9387d88f7d65"
          ],
          "failures": [],
          "pending": [],
          "skipped": [],
          "duration": 10866,
          "root": false,
          "rootEmpty": false,
          "_timeout": 0
        }
      ],
      "passes": [],
      "failures": [],
      "pending": [],
      "skipped": [],
      "duration": 0,
      "root": true,
      "rootEmpty": true,
      "_timeout": 0
    }
  ],
  "meta": {
    "mocha": {
      "version": "8.0.1"
    },
    "mochawesome": {
      "options": {
        "quiet": false,
        "reportFilename": "mochawesome",
        "saveHtml": true,
        "saveJson": true,
        "consoleReporter": "spec",
        "useInlineDiffs": false,
        "code": true
      },
      "version": "6.1.1"
    },
    "marge": {
      "options": {},
      "version": "5.2.0"
    }
  }
}